atad_IMPORTS_start
I_ata_get_devinfo
I_ata_io_start
I_ata_io_finish
I_ata_device_sector_io
I_ata_device_sector_io64
I_ata_get_crc_error_count
I_ata_reset_crc_error_count
I_ata_device_identify
I_ata_device_flush_cache
atad_IMPORTS_end

intrman_IMPORTS_start
I_CpuSuspendIntr
I_CpuResumeIntr
intrman_IMPORTS_end

ioman_IMPORTS_start
I_AddDrv
ioman_IMPORTS_end

sysclib_IMPORTS_start
I_strcmp
sysclib_IMPORTS_end

thbase_IMPORTS_start
I_GetSystemTime
I_SysClock2USec
thbase_IMPORTS_end

sifman_IMPORTS_start
I_sceSifSetDma
I_sceSifDmaStat
sifman_IMPORTS_end